<?xml version="1.0" encoding="UTF-8"?>
<testsuite xmlns:xsi="http://www.w3.org/2001/XMLSchema-instance" xsi:noNamespaceSchemaLocation="https://maven.apache.org/surefire/maven-surefire-plugin/xsd/surefire-test-report.xsd" name="com.rumeysaer.ce103.hw6.calc.app.java.Scientific_Calculator_Test" time="0.032" tests="7" errors="0" skipped="0" failures="0">
  <properties>
[...]
</properties>
  <testcase name="TestMethod1" classname="com.rumeysaer.ce103.hw6.calc.app.java.Scientific_Calculator_Test" time="0.02"/>
  <testcase name="TestMethod2" classname="com.rumeysaer.ce103.hw6.calc.app.java.Scientific_Calculator_Test" time="0"/>
  <testcase name="TestMethod3" classname="com.rumeysaer.ce103.hw6.calc.app.java.Scientific_Calculator_Test" time="0"/>
  <testcase name="TestMethod4" classname="com.rumeysaer.ce103.hw6.calc.app.java.Scientific_Calculator_Test" time="0.001"/>
  <testcase name="TestMethod5" classname="com.rumeysaer.ce103.hw6.calc.app.java.Scientific_Calculator_Test" time="0"/>
  <testcase name="TestMethod6" classname="com.rumeysaer.ce103.hw6.calc.app.java.Scientific_Calculator_Test" time="0"/>
  <testcase name="TestMethod7" classname="com.rumeysaer.ce103.hw6.calc.app.java.Scientific_Calculator_Test" time="0"/>
</testsuite>